{
  "0 debug pnpm:scope": {
    "selected": 1
  },
  "1 debug pnpm:package-manifest": {
    "initial": {
      "name": "changelog",
      "version": "1.0.0",
      "description": "",
      "main": "index.js",
      "scripts": {
        "test": "echo \"Error: no test specified\" && exit 1"
      },
      "keywords": [],
      "author": "",
      "license": "ISC"
    },
    "prefix": "F:\\Node\\DEV-TOOLS\\changeLog"
  },
  "2 debug pnpm:context": {
    "currentLockfileExists": false,
    "storeDir": "F:\\.pnpm-store\\v3",
    "virtualStoreDir": "F:\\Node\\DEV-TOOLS\\changeLog\\node_modules\\.pnpm"
  },
  "3 debug pnpm:stage": {
    "prefix": "F:\\Node\\DEV-TOOLS\\changeLog",
    "stage": "resolution_started"
  },
  "4 error pnpm": {
    "code": "ERR_PNPM_FETCH_404",
    "hint": "@rollup/resolve-plugin is not in the npm registry, or you have no permission to fetch it.\n\nAn authorization header was used: Bearer npm_[hidden]",
    "request": {
      "authHeaderValue": "Bearer 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",
      "url": "https://registry.npmjs.org/@rollup%2Fresolve-plugin"
    },
    "response": {
      "size": 0
    },
    "pkgName": "@rollup/resolve-plugin",
    "pkgsStack": [],
    "err": {
      "name": "pnpm",
      "message": "GET https://registry.npmjs.org/@rollup%2Fresolve-plugin: Not Found - 404",
      "code": "ERR_PNPM_FETCH_404",
      "stack": "pnpm: GET https://registry.npmjs.org/@rollup%2Fresolve-plugin: Not Found - 404\n    at RetryOperation._fn (C:\\Users\\User\\AppData\\Roaming\\npm\\node_modules\\pnpm\\dist\\pnpm.cjs:85455:19)\n    at processTicksAndRejections (node:internal/process/task_queues:96:5)"
    }
  }
}